[2025-07-06 15:08:58,004] INFO [Broker id=1] Transitioning 1 partition(s) to local leaders. (state.change.logger)
[2025-07-06 15:08:58,008] INFO [Broker id=1] Creating new partition bins-0 with topic id OSYFqRalR0yG4v9kCNhUDA. (state.change.logger)
[2025-07-06 15:08:58,038] INFO [Broker id=1] Leader bins-0 with topic id Some(OSYFqRalR0yG4v9kCNhUDA) starts at leader epoch 0 from offset 0 with partition epoch 0, high watermark 0, ISR [1], adding replicas [] and removing replicas [] . Previous leader None and previous leader epoch was -1. (state.change.logger)
[2025-07-06 15:08:59,433] INFO [Broker id=1] Transitioning 1 partition(s) to local leaders. (state.change.logger)
[2025-07-06 15:08:59,433] INFO [Broker id=1] Creating new partition alerts-0 with topic id 0vYk_FZ9Tb6kCO2zsMDwkA. (state.change.logger)
[2025-07-06 15:08:59,440] INFO [Broker id=1] Leader alerts-0 with topic id Some(0vYk_FZ9Tb6kCO2zsMDwkA) starts at leader epoch 0 from offset 0 with partition epoch 0, high watermark 0, ISR [1], adding replicas [] and removing replicas [] . Previous leader None and previous leader epoch was -1. (state.change.logger)
[2025-07-06 15:14:45,502] INFO [Broker id=1] Transitioning 50 partition(s) to local leaders. (state.change.logger)
[2025-07-06 15:14:45,503] INFO [Broker id=1] Creating new partition __consumer_offsets-13 with topic id txrUSbrCQ5WNiEpl34R1Vw. (state.change.logger)
[2025-07-06 15:14:45,509] INFO [Broker id=1] Leader __consumer_offsets-13 with topic id Some(txrUSbrCQ5WNiEpl34R1Vw) starts at leader epoch 0 from offset 0 with partition epoch 0, high watermark 0, ISR [1], adding replicas [] and removing replicas [] . Previous leader None and previous leader epoch was -1. (state.change.logger)
[2025-07-06 15:14:45,516] INFO [Broker id=1] Creating new partition __consumer_offsets-46 with topic id txrUSbrCQ5WNiEpl34R1Vw. (state.change.logger)
[2025-07-06 15:14:45,521] INFO [Broker id=1] Leader __consumer_offsets-46 with topic id Some(txrUSbrCQ5WNiEpl34R1Vw) starts at leader epoch 0 from offset 0 with partition epoch 0, high watermark 0, ISR [1], adding replicas [] and removing replicas [] . Previous leader None and previous leader epoch was -1. (state.change.logger)
[2025-07-06 15:14:45,526] INFO [Broker id=1] Creating new partition __consumer_offsets-9 with topic id txrUSbrCQ5WNiEpl34R1Vw. (state.change.logger)
[2025-07-06 15:14:45,531] INFO [Broker id=1] Leader __consumer_offsets-9 with topic id Some(txrUSbrCQ5WNiEpl34R1Vw) starts at leader epoch 0 from offset 0 with partition epoch 0, high watermark 0, ISR [1], adding replicas [] and removing replicas [] . Previous leader None and previous leader epoch was -1. (state.change.logger)
[2025-07-06 15:14:45,536] INFO [Broker id=1] Creating new partition __consumer_offsets-42 with topic id txrUSbrCQ5WNiEpl34R1Vw. (state.change.logger)
[2025-07-06 15:14:45,542] INFO [Broker id=1] Leader __consumer_offsets-42 with topic id Some(txrUSbrCQ5WNiEpl34R1Vw) starts at leader epoch 0 from offset 0 with partition epoch 0, high watermark 0, ISR [1], adding replicas [] and removing replicas [] . Previous leader None and previous leader epoch was -1. (state.change.logger)
[2025-07-06 15:14:45,548] INFO [Broker id=1] Creating new partition __consumer_offsets-21 with topic id txrUSbrCQ5WNiEpl34R1Vw. (state.change.logger)
[2025-07-06 15:14:45,555] INFO [Broker id=1] Leader __consumer_offsets-21 with topic id Some(txrUSbrCQ5WNiEpl34R1Vw) starts at leader epoch 0 from offset 0 with partition epoch 0, high watermark 0, ISR [1], adding replicas [] and removing replicas [] . Previous leader None and previous leader epoch was -1. (state.change.logger)
[2025-07-06 15:14:45,559] INFO [Broker id=1] Creating new partition __consumer_offsets-17 with topic id txrUSbrCQ5WNiEpl34R1Vw. (state.change.logger)
[2025-07-06 15:14:45,563] INFO [Broker id=1] Leader __consumer_offsets-17 with topic id Some(txrUSbrCQ5WNiEpl34R1Vw) starts at leader epoch 0 from offset 0 with partition epoch 0, high watermark 0, ISR [1], adding replicas [] and removing replicas [] . Previous leader None and previous leader epoch was -1. (state.change.logger)
[2025-07-06 15:14:45,572] INFO [Broker id=1] Creating new partition __consumer_offsets-30 with topic id txrUSbrCQ5WNiEpl34R1Vw. (state.change.logger)
[2025-07-06 15:14:45,578] INFO [Broker id=1] Leader __consumer_offsets-30 with topic id Some(txrUSbrCQ5WNiEpl34R1Vw) starts at leader epoch 0 from offset 0 with partition epoch 0, high watermark 0, ISR [1], adding replicas [] and removing replicas [] . Previous leader None and previous leader epoch was -1. (state.change.logger)
[2025-07-06 15:14:45,582] INFO [Broker id=1] Creating new partition __consumer_offsets-26 with topic id txrUSbrCQ5WNiEpl34R1Vw. (state.change.logger)
[2025-07-06 15:14:45,588] INFO [Broker id=1] Leader __consumer_offsets-26 with topic id Some(txrUSbrCQ5WNiEpl34R1Vw) starts at leader epoch 0 from offset 0 with partition epoch 0, high watermark 0, ISR [1], adding replicas [] and removing replicas [] . Previous leader None and previous leader epoch was -1. (state.change.logger)
[2025-07-06 15:14:45,593] INFO [Broker id=1] Creating new partition __consumer_offsets-5 with topic id txrUSbrCQ5WNiEpl34R1Vw. (state.change.logger)
[2025-07-06 15:14:45,601] INFO [Broker id=1] Leader __consumer_offsets-5 with topic id Some(txrUSbrCQ5WNiEpl34R1Vw) starts at leader epoch 0 from offset 0 with partition epoch 0, high watermark 0, ISR [1], adding replicas [] and removing replicas [] . Previous leader None and previous leader epoch was -1. (state.change.logger)
[2025-07-06 15:14:45,607] INFO [Broker id=1] Creating new partition __consumer_offsets-38 with topic id txrUSbrCQ5WNiEpl34R1Vw. (state.change.logger)
[2025-07-06 15:14:45,614] INFO [Broker id=1] Leader __consumer_offsets-38 with topic id Some(txrUSbrCQ5WNiEpl34R1Vw) starts at leader epoch 0 from offset 0 with partition epoch 0, high watermark 0, ISR [1], adding replicas [] and removing replicas [] . Previous leader None and previous leader epoch was -1. (state.change.logger)
[2025-07-06 15:14:45,622] INFO [Broker id=1] Creating new partition __consumer_offsets-1 with topic id txrUSbrCQ5WNiEpl34R1Vw. (state.change.logger)
[2025-07-06 15:14:45,625] INFO [Broker id=1] Leader __consumer_offsets-1 with topic id Some(txrUSbrCQ5WNiEpl34R1Vw) starts at leader epoch 0 from offset 0 with partition epoch 0, high watermark 0, ISR [1], adding replicas [] and removing replicas [] . Previous leader None and previous leader epoch was -1. (state.change.logger)
[2025-07-06 15:14:45,631] INFO [Broker id=1] Creating new partition __consumer_offsets-34 with topic id txrUSbrCQ5WNiEpl34R1Vw. (state.change.logger)
[2025-07-06 15:14:45,636] INFO [Broker id=1] Leader __consumer_offsets-34 with topic id Some(txrUSbrCQ5WNiEpl34R1Vw) starts at leader epoch 0 from offset 0 with partition epoch 0, high watermark 0, ISR [1], adding replicas [] and removing replicas [] . Previous leader None and previous leader epoch was -1. (state.change.logger)
[2025-07-06 15:14:45,640] INFO [Broker id=1] Creating new partition __consumer_offsets-16 with topic id txrUSbrCQ5WNiEpl34R1Vw. (state.change.logger)
[2025-07-06 15:14:45,645] INFO [Broker id=1] Leader __consumer_offsets-16 with topic id Some(txrUSbrCQ5WNiEpl34R1Vw) starts at leader epoch 0 from offset 0 with partition epoch 0, high watermark 0, ISR [1], adding replicas [] and removing replicas [] . Previous leader None and previous leader epoch was -1. (state.change.logger)
[2025-07-06 15:14:45,650] INFO [Broker id=1] Creating new partition __consumer_offsets-45 with topic id txrUSbrCQ5WNiEpl34R1Vw. (state.change.logger)
[2025-07-06 15:14:45,653] INFO [Broker id=1] Leader __consumer_offsets-45 with topic id Some(txrUSbrCQ5WNiEpl34R1Vw) starts at leader epoch 0 from offset 0 with partition epoch 0, high watermark 0, ISR [1], adding replicas [] and removing replicas [] . Previous leader None and previous leader epoch was -1. (state.change.logger)
[2025-07-06 15:14:45,660] INFO [Broker id=1] Creating new partition __consumer_offsets-12 with topic id txrUSbrCQ5WNiEpl34R1Vw. (state.change.logger)
[2025-07-06 15:14:45,663] INFO [Broker id=1] Leader __consumer_offsets-12 with topic id Some(txrUSbrCQ5WNiEpl34R1Vw) starts at leader epoch 0 from offset 0 with partition epoch 0, high watermark 0, ISR [1], adding replicas [] and removing replicas [] . Previous leader None and previous leader epoch was -1. (state.change.logger)
[2025-07-06 15:14:45,669] INFO [Broker id=1] Creating new partition __consumer_offsets-41 with topic id txrUSbrCQ5WNiEpl34R1Vw. (state.change.logger)
[2025-07-06 15:14:45,673] INFO [Broker id=1] Leader __consumer_offsets-41 with topic id Some(txrUSbrCQ5WNiEpl34R1Vw) starts at leader epoch 0 from offset 0 with partition epoch 0, high watermark 0, ISR [1], adding replicas [] and removing replicas [] . Previous leader None and previous leader epoch was -1. (state.change.logger)
[2025-07-06 15:14:45,678] INFO [Broker id=1] Creating new partition __consumer_offsets-24 with topic id txrUSbrCQ5WNiEpl34R1Vw. (state.change.logger)
[2025-07-06 15:14:45,683] INFO [Broker id=1] Leader __consumer_offsets-24 with topic id Some(txrUSbrCQ5WNiEpl34R1Vw) starts at leader epoch 0 from offset 0 with partition epoch 0, high watermark 0, ISR [1], adding replicas [] and removing replicas [] . Previous leader None and previous leader epoch was -1. (state.change.logger)
[2025-07-06 15:14:45,688] INFO [Broker id=1] Creating new partition __consumer_offsets-20 with topic id txrUSbrCQ5WNiEpl34R1Vw. (state.change.logger)
[2025-07-06 15:14:45,691] INFO [Broker id=1] Leader __consumer_offsets-20 with topic id Some(txrUSbrCQ5WNiEpl34R1Vw) starts at leader epoch 0 from offset 0 with partition epoch 0, high watermark 0, ISR [1], adding replicas [] and removing replicas [] . Previous leader None and previous leader epoch was -1. (state.change.logger)
[2025-07-06 15:14:45,698] INFO [Broker id=1] Creating new partition __consumer_offsets-49 with topic id txrUSbrCQ5WNiEpl34R1Vw. (state.change.logger)
[2025-07-06 15:14:45,701] INFO [Broker id=1] Leader __consumer_offsets-49 with topic id Some(txrUSbrCQ5WNiEpl34R1Vw) starts at leader epoch 0 from offset 0 with partition epoch 0, high watermark 0, ISR [1], adding replicas [] and removing replicas [] . Previous leader None and previous leader epoch was -1. (state.change.logger)
[2025-07-06 15:14:45,706] INFO [Broker id=1] Creating new partition __consumer_offsets-0 with topic id txrUSbrCQ5WNiEpl34R1Vw. (state.change.logger)
[2025-07-06 15:14:45,709] INFO [Broker id=1] Leader __consumer_offsets-0 with topic id Some(txrUSbrCQ5WNiEpl34R1Vw) starts at leader epoch 0 from offset 0 with partition epoch 0, high watermark 0, ISR [1], adding replicas [] and removing replicas [] . Previous leader None and previous leader epoch was -1. (state.change.logger)
[2025-07-06 15:14:45,714] INFO [Broker id=1] Creating new partition __consumer_offsets-29 with topic id txrUSbrCQ5WNiEpl34R1Vw. (state.change.logger)
[2025-07-06 15:14:45,717] INFO [Broker id=1] Leader __consumer_offsets-29 with topic id Some(txrUSbrCQ5WNiEpl34R1Vw) starts at leader epoch 0 from offset 0 with partition epoch 0, high watermark 0, ISR [1], adding replicas [] and removing replicas [] . Previous leader None and previous leader epoch was -1. (state.change.logger)
[2025-07-06 15:14:45,723] INFO [Broker id=1] Creating new partition __consumer_offsets-25 with topic id txrUSbrCQ5WNiEpl34R1Vw. (state.change.logger)
[2025-07-06 15:14:45,728] INFO [Broker id=1] Leader __consumer_offsets-25 with topic id Some(txrUSbrCQ5WNiEpl34R1Vw) starts at leader epoch 0 from offset 0 with partition epoch 0, high watermark 0, ISR [1], adding replicas [] and removing replicas [] . Previous leader None and previous leader epoch was -1. (state.change.logger)
[2025-07-06 15:14:45,733] INFO [Broker id=1] Creating new partition __consumer_offsets-8 with topic id txrUSbrCQ5WNiEpl34R1Vw. (state.change.logger)
[2025-07-06 15:14:45,737] INFO [Broker id=1] Leader __consumer_offsets-8 with topic id Some(txrUSbrCQ5WNiEpl34R1Vw) starts at leader epoch 0 from offset 0 with partition epoch 0, high watermark 0, ISR [1], adding replicas [] and removing replicas [] . Previous leader None and previous leader epoch was -1. (state.change.logger)
[2025-07-06 15:14:45,743] INFO [Broker id=1] Creating new partition __consumer_offsets-37 with topic id txrUSbrCQ5WNiEpl34R1Vw. (state.change.logger)
[2025-07-06 15:14:45,747] INFO [Broker id=1] Leader __consumer_offsets-37 with topic id Some(txrUSbrCQ5WNiEpl34R1Vw) starts at leader epoch 0 from offset 0 with partition epoch 0, high watermark 0, ISR [1], adding replicas [] and removing replicas [] . Previous leader None and previous leader epoch was -1. (state.change.logger)
[2025-07-06 15:14:45,753] INFO [Broker id=1] Creating new partition __consumer_offsets-4 with topic id txrUSbrCQ5WNiEpl34R1Vw. (state.change.logger)
[2025-07-06 15:14:45,757] INFO [Broker id=1] Leader __consumer_offsets-4 with topic id Some(txrUSbrCQ5WNiEpl34R1Vw) starts at leader epoch 0 from offset 0 with partition epoch 0, high watermark 0, ISR [1], adding replicas [] and removing replicas [] . Previous leader None and previous leader epoch was -1. (state.change.logger)
[2025-07-06 15:14:45,762] INFO [Broker id=1] Creating new partition __consumer_offsets-33 with topic id txrUSbrCQ5WNiEpl34R1Vw. (state.change.logger)
[2025-07-06 15:14:45,767] INFO [Broker id=1] Leader __consumer_offsets-33 with topic id Some(txrUSbrCQ5WNiEpl34R1Vw) starts at leader epoch 0 from offset 0 with partition epoch 0, high watermark 0, ISR [1], adding replicas [] and removing replicas [] . Previous leader None and previous leader epoch was -1. (state.change.logger)
[2025-07-06 15:14:45,773] INFO [Broker id=1] Creating new partition __consumer_offsets-15 with topic id txrUSbrCQ5WNiEpl34R1Vw. (state.change.logger)
[2025-07-06 15:14:45,775] INFO [Broker id=1] Leader __consumer_offsets-15 with topic id Some(txrUSbrCQ5WNiEpl34R1Vw) starts at leader epoch 0 from offset 0 with partition epoch 0, high watermark 0, ISR [1], adding replicas [] and removing replicas [] . Previous leader None and previous leader epoch was -1. (state.change.logger)
[2025-07-06 15:14:45,780] INFO [Broker id=1] Creating new partition __consumer_offsets-48 with topic id txrUSbrCQ5WNiEpl34R1Vw. (state.change.logger)
[2025-07-06 15:14:45,783] INFO [Broker id=1] Leader __consumer_offsets-48 with topic id Some(txrUSbrCQ5WNiEpl34R1Vw) starts at leader epoch 0 from offset 0 with partition epoch 0, high watermark 0, ISR [1], adding replicas [] and removing replicas [] . Previous leader None and previous leader epoch was -1. (state.change.logger)
[2025-07-06 15:14:45,789] INFO [Broker id=1] Creating new partition __consumer_offsets-11 with topic id txrUSbrCQ5WNiEpl34R1Vw. (state.change.logger)
[2025-07-06 15:14:45,792] INFO [Broker id=1] Leader __consumer_offsets-11 with topic id Some(txrUSbrCQ5WNiEpl34R1Vw) starts at leader epoch 0 from offset 0 with partition epoch 0, high watermark 0, ISR [1], adding replicas [] and removing replicas [] . Previous leader None and previous leader epoch was -1. (state.change.logger)
[2025-07-06 15:14:45,798] INFO [Broker id=1] Creating new partition __consumer_offsets-44 with topic id txrUSbrCQ5WNiEpl34R1Vw. (state.change.logger)
[2025-07-06 15:14:45,800] INFO [Broker id=1] Leader __consumer_offsets-44 with topic id Some(txrUSbrCQ5WNiEpl34R1Vw) starts at leader epoch 0 from offset 0 with partition epoch 0, high watermark 0, ISR [1], adding replicas [] and removing replicas [] . Previous leader None and previous leader epoch was -1. (state.change.logger)
[2025-07-06 15:14:45,805] INFO [Broker id=1] Creating new partition __consumer_offsets-23 with topic id txrUSbrCQ5WNiEpl34R1Vw. (state.change.logger)
[2025-07-06 15:14:45,807] INFO [Broker id=1] Leader __consumer_offsets-23 with topic id Some(txrUSbrCQ5WNiEpl34R1Vw) starts at leader epoch 0 from offset 0 with partition epoch 0, high watermark 0, ISR [1], adding replicas [] and removing replicas [] . Previous leader None and previous leader epoch was -1. (state.change.logger)
[2025-07-06 15:14:45,814] INFO [Broker id=1] Creating new partition __consumer_offsets-19 with topic id txrUSbrCQ5WNiEpl34R1Vw. (state.change.logger)
[2025-07-06 15:14:45,816] INFO [Broker id=1] Leader __consumer_offsets-19 with topic id Some(txrUSbrCQ5WNiEpl34R1Vw) starts at leader epoch 0 from offset 0 with partition epoch 0, high watermark 0, ISR [1], adding replicas [] and removing replicas [] . Previous leader None and previous leader epoch was -1. (state.change.logger)
[2025-07-06 15:14:45,821] INFO [Broker id=1] Creating new partition __consumer_offsets-32 with topic id txrUSbrCQ5WNiEpl34R1Vw. (state.change.logger)
[2025-07-06 15:14:45,823] INFO [Broker id=1] Leader __consumer_offsets-32 with topic id Some(txrUSbrCQ5WNiEpl34R1Vw) starts at leader epoch 0 from offset 0 with partition epoch 0, high watermark 0, ISR [1], adding replicas [] and removing replicas [] . Previous leader None and previous leader epoch was -1. (state.change.logger)
[2025-07-06 15:14:45,828] INFO [Broker id=1] Creating new partition __consumer_offsets-28 with topic id txrUSbrCQ5WNiEpl34R1Vw. (state.change.logger)
[2025-07-06 15:14:45,830] INFO [Broker id=1] Leader __consumer_offsets-28 with topic id Some(txrUSbrCQ5WNiEpl34R1Vw) starts at leader epoch 0 from offset 0 with partition epoch 0, high watermark 0, ISR [1], adding replicas [] and removing replicas [] . Previous leader None and previous leader epoch was -1. (state.change.logger)
[2025-07-06 15:14:45,837] INFO [Broker id=1] Creating new partition __consumer_offsets-7 with topic id txrUSbrCQ5WNiEpl34R1Vw. (state.change.logger)
[2025-07-06 15:14:45,839] INFO [Broker id=1] Leader __consumer_offsets-7 with topic id Some(txrUSbrCQ5WNiEpl34R1Vw) starts at leader epoch 0 from offset 0 with partition epoch 0, high watermark 0, ISR [1], adding replicas [] and removing replicas [] . Previous leader None and previous leader epoch was -1. (state.change.logger)
[2025-07-06 15:14:45,844] INFO [Broker id=1] Creating new partition __consumer_offsets-40 with topic id txrUSbrCQ5WNiEpl34R1Vw. (state.change.logger)
[2025-07-06 15:14:45,846] INFO [Broker id=1] Leader __consumer_offsets-40 with topic id Some(txrUSbrCQ5WNiEpl34R1Vw) starts at leader epoch 0 from offset 0 with partition epoch 0, high watermark 0, ISR [1], adding replicas [] and removing replicas [] . Previous leader None and previous leader epoch was -1. (state.change.logger)
[2025-07-06 15:14:45,852] INFO [Broker id=1] Creating new partition __consumer_offsets-3 with topic id txrUSbrCQ5WNiEpl34R1Vw. (state.change.logger)
[2025-07-06 15:14:45,854] INFO [Broker id=1] Leader __consumer_offsets-3 with topic id Some(txrUSbrCQ5WNiEpl34R1Vw) starts at leader epoch 0 from offset 0 with partition epoch 0, high watermark 0, ISR [1], adding replicas [] and removing replicas [] . Previous leader None and previous leader epoch was -1. (state.change.logger)
[2025-07-06 15:14:45,863] INFO [Broker id=1] Creating new partition __consumer_offsets-36 with topic id txrUSbrCQ5WNiEpl34R1Vw. (state.change.logger)
[2025-07-06 15:14:45,868] INFO [Broker id=1] Leader __consumer_offsets-36 with topic id Some(txrUSbrCQ5WNiEpl34R1Vw) starts at leader epoch 0 from offset 0 with partition epoch 0, high watermark 0, ISR [1], adding replicas [] and removing replicas [] . Previous leader None and previous leader epoch was -1. (state.change.logger)
[2025-07-06 15:14:45,874] INFO [Broker id=1] Creating new partition __consumer_offsets-47 with topic id txrUSbrCQ5WNiEpl34R1Vw. (state.change.logger)
[2025-07-06 15:14:45,878] INFO [Broker id=1] Leader __consumer_offsets-47 with topic id Some(txrUSbrCQ5WNiEpl34R1Vw) starts at leader epoch 0 from offset 0 with partition epoch 0, high watermark 0, ISR [1], adding replicas [] and removing replicas [] . Previous leader None and previous leader epoch was -1. (state.change.logger)
[2025-07-06 15:14:45,884] INFO [Broker id=1] Creating new partition __consumer_offsets-14 with topic id txrUSbrCQ5WNiEpl34R1Vw. (state.change.logger)
[2025-07-06 15:14:45,890] INFO [Broker id=1] Leader __consumer_offsets-14 with topic id Some(txrUSbrCQ5WNiEpl34R1Vw) starts at leader epoch 0 from offset 0 with partition epoch 0, high watermark 0, ISR [1], adding replicas [] and removing replicas [] . Previous leader None and previous leader epoch was -1. (state.change.logger)
[2025-07-06 15:14:45,897] INFO [Broker id=1] Creating new partition __consumer_offsets-43 with topic id txrUSbrCQ5WNiEpl34R1Vw. (state.change.logger)
[2025-07-06 15:14:45,902] INFO [Broker id=1] Leader __consumer_offsets-43 with topic id Some(txrUSbrCQ5WNiEpl34R1Vw) starts at leader epoch 0 from offset 0 with partition epoch 0, high watermark 0, ISR [1], adding replicas [] and removing replicas [] . Previous leader None and previous leader epoch was -1. (state.change.logger)
[2025-07-06 15:14:45,907] INFO [Broker id=1] Creating new partition __consumer_offsets-10 with topic id txrUSbrCQ5WNiEpl34R1Vw. (state.change.logger)
[2025-07-06 15:14:45,912] INFO [Broker id=1] Leader __consumer_offsets-10 with topic id Some(txrUSbrCQ5WNiEpl34R1Vw) starts at leader epoch 0 from offset 0 with partition epoch 0, high watermark 0, ISR [1], adding replicas [] and removing replicas [] . Previous leader None and previous leader epoch was -1. (state.change.logger)
[2025-07-06 15:14:45,919] INFO [Broker id=1] Creating new partition __consumer_offsets-22 with topic id txrUSbrCQ5WNiEpl34R1Vw. (state.change.logger)
[2025-07-06 15:14:45,926] INFO [Broker id=1] Leader __consumer_offsets-22 with topic id Some(txrUSbrCQ5WNiEpl34R1Vw) starts at leader epoch 0 from offset 0 with partition epoch 0, high watermark 0, ISR [1], adding replicas [] and removing replicas [] . Previous leader None and previous leader epoch was -1. (state.change.logger)
[2025-07-06 15:14:45,935] INFO [Broker id=1] Creating new partition __consumer_offsets-18 with topic id txrUSbrCQ5WNiEpl34R1Vw. (state.change.logger)
[2025-07-06 15:14:45,940] INFO [Broker id=1] Leader __consumer_offsets-18 with topic id Some(txrUSbrCQ5WNiEpl34R1Vw) starts at leader epoch 0 from offset 0 with partition epoch 0, high watermark 0, ISR [1], adding replicas [] and removing replicas [] . Previous leader None and previous leader epoch was -1. (state.change.logger)
[2025-07-06 15:14:45,944] INFO [Broker id=1] Creating new partition __consumer_offsets-31 with topic id txrUSbrCQ5WNiEpl34R1Vw. (state.change.logger)
[2025-07-06 15:14:45,949] INFO [Broker id=1] Leader __consumer_offsets-31 with topic id Some(txrUSbrCQ5WNiEpl34R1Vw) starts at leader epoch 0 from offset 0 with partition epoch 0, high watermark 0, ISR [1], adding replicas [] and removing replicas [] . Previous leader None and previous leader epoch was -1. (state.change.logger)
[2025-07-06 15:14:45,956] INFO [Broker id=1] Creating new partition __consumer_offsets-27 with topic id txrUSbrCQ5WNiEpl34R1Vw. (state.change.logger)
[2025-07-06 15:14:45,961] INFO [Broker id=1] Leader __consumer_offsets-27 with topic id Some(txrUSbrCQ5WNiEpl34R1Vw) starts at leader epoch 0 from offset 0 with partition epoch 0, high watermark 0, ISR [1], adding replicas [] and removing replicas [] . Previous leader None and previous leader epoch was -1. (state.change.logger)
[2025-07-06 15:14:45,966] INFO [Broker id=1] Creating new partition __consumer_offsets-39 with topic id txrUSbrCQ5WNiEpl34R1Vw. (state.change.logger)
[2025-07-06 15:14:45,970] INFO [Broker id=1] Leader __consumer_offsets-39 with topic id Some(txrUSbrCQ5WNiEpl34R1Vw) starts at leader epoch 0 from offset 0 with partition epoch 0, high watermark 0, ISR [1], adding replicas [] and removing replicas [] . Previous leader None and previous leader epoch was -1. (state.change.logger)
[2025-07-06 15:14:45,976] INFO [Broker id=1] Creating new partition __consumer_offsets-6 with topic id txrUSbrCQ5WNiEpl34R1Vw. (state.change.logger)
[2025-07-06 15:14:45,979] INFO [Broker id=1] Leader __consumer_offsets-6 with topic id Some(txrUSbrCQ5WNiEpl34R1Vw) starts at leader epoch 0 from offset 0 with partition epoch 0, high watermark 0, ISR [1], adding replicas [] and removing replicas [] . Previous leader None and previous leader epoch was -1. (state.change.logger)
[2025-07-06 15:14:45,986] INFO [Broker id=1] Creating new partition __consumer_offsets-35 with topic id txrUSbrCQ5WNiEpl34R1Vw. (state.change.logger)
[2025-07-06 15:14:45,990] INFO [Broker id=1] Leader __consumer_offsets-35 with topic id Some(txrUSbrCQ5WNiEpl34R1Vw) starts at leader epoch 0 from offset 0 with partition epoch 0, high watermark 0, ISR [1], adding replicas [] and removing replicas [] . Previous leader None and previous leader epoch was -1. (state.change.logger)
[2025-07-06 15:14:45,995] INFO [Broker id=1] Creating new partition __consumer_offsets-2 with topic id txrUSbrCQ5WNiEpl34R1Vw. (state.change.logger)
[2025-07-06 15:14:45,999] INFO [Broker id=1] Leader __consumer_offsets-2 with topic id Some(txrUSbrCQ5WNiEpl34R1Vw) starts at leader epoch 0 from offset 0 with partition epoch 0, high watermark 0, ISR [1], adding replicas [] and removing replicas [] . Previous leader None and previous leader epoch was -1. (state.change.logger)
[2025-07-06 15:36:46,923] INFO [Broker id=1] Transitioning 52 partition(s) to local followers. (state.change.logger)
[2025-07-06 15:36:46,937] INFO [Broker id=1] Follower __consumer_offsets-13 starts at leader epoch 1 from offset 0 with partition epoch 1 and high watermark 0. Current leader is -1. Previous leader Some(-1) and previous leader epoch was 1. (state.change.logger)
[2025-07-06 15:36:46,938] INFO [Broker id=1] Follower bins-0 starts at leader epoch 1 from offset 2564 with partition epoch 1 and high watermark 2564. Current leader is -1. Previous leader Some(-1) and previous leader epoch was 1. (state.change.logger)
[2025-07-06 15:36:46,938] INFO [Broker id=1] Follower __consumer_offsets-46 starts at leader epoch 1 from offset 0 with partition epoch 1 and high watermark 0. Current leader is -1. Previous leader Some(-1) and previous leader epoch was 1. (state.change.logger)
[2025-07-06 15:36:46,938] INFO [Broker id=1] Follower __consumer_offsets-9 starts at leader epoch 1 from offset 0 with partition epoch 1 and high watermark 0. Current leader is -1. Previous leader Some(-1) and previous leader epoch was 1. (state.change.logger)
[2025-07-06 15:36:46,938] INFO [Broker id=1] Follower __consumer_offsets-42 starts at leader epoch 1 from offset 0 with partition epoch 1 and high watermark 0. Current leader is -1. Previous leader Some(-1) and previous leader epoch was 1. (state.change.logger)
[2025-07-06 15:36:46,939] INFO [Broker id=1] Follower __consumer_offsets-21 starts at leader epoch 1 from offset 0 with partition epoch 1 and high watermark 0. Current leader is -1. Previous leader Some(-1) and previous leader epoch was 1. (state.change.logger)
[2025-07-06 15:36:46,939] INFO [Broker id=1] Follower __consumer_offsets-17 starts at leader epoch 1 from offset 385 with partition epoch 1 and high watermark 385. Current leader is -1. Previous leader Some(-1) and previous leader epoch was 1. (state.change.logger)
[2025-07-06 15:36:46,939] INFO [Broker id=1] Follower __consumer_offsets-30 starts at leader epoch 1 from offset 0 with partition epoch 1 and high watermark 0. Current leader is -1. Previous leader Some(-1) and previous leader epoch was 1. (state.change.logger)
[2025-07-06 15:36:46,939] INFO [Broker id=1] Follower __consumer_offsets-26 starts at leader epoch 1 from offset 0 with partition epoch 1 and high watermark 0. Current leader is -1. Previous leader Some(-1) and previous leader epoch was 1. (state.change.logger)
[2025-07-06 15:36:46,939] INFO [Broker id=1] Follower __consumer_offsets-5 starts at leader epoch 1 from offset 249 with partition epoch 1 and high watermark 249. Current leader is -1. Previous leader Some(-1) and previous leader epoch was 1. (state.change.logger)
[2025-07-06 15:36:46,939] INFO [Broker id=1] Follower __consumer_offsets-38 starts at leader epoch 1 from offset 0 with partition epoch 1 and high watermark 0. Current leader is -1. Previous leader Some(-1) and previous leader epoch was 1. (state.change.logger)
[2025-07-06 15:36:46,939] INFO [Broker id=1] Follower __consumer_offsets-1 starts at leader epoch 1 from offset 0 with partition epoch 1 and high watermark 0. Current leader is -1. Previous leader Some(-1) and previous leader epoch was 1. (state.change.logger)
[2025-07-06 15:36:46,940] INFO [Broker id=1] Follower __consumer_offsets-34 starts at leader epoch 1 from offset 0 with partition epoch 1 and high watermark 0. Current leader is -1. Previous leader Some(-1) and previous leader epoch was 1. (state.change.logger)
[2025-07-06 15:36:46,940] INFO [Broker id=1] Follower __consumer_offsets-16 starts at leader epoch 1 from offset 0 with partition epoch 1 and high watermark 0. Current leader is -1. Previous leader Some(-1) and previous leader epoch was 1. (state.change.logger)
[2025-07-06 15:36:46,940] INFO [Broker id=1] Follower __consumer_offsets-45 starts at leader epoch 1 from offset 0 with partition epoch 1 and high watermark 0. Current leader is -1. Previous leader Some(-1) and previous leader epoch was 1. (state.change.logger)
[2025-07-06 15:36:46,940] INFO [Broker id=1] Follower __consumer_offsets-12 starts at leader epoch 1 from offset 0 with partition epoch 1 and high watermark 0. Current leader is -1. Previous leader Some(-1) and previous leader epoch was 1. (state.change.logger)
[2025-07-06 15:36:46,940] INFO [Broker id=1] Follower __consumer_offsets-41 starts at leader epoch 1 from offset 0 with partition epoch 1 and high watermark 0. Current leader is -1. Previous leader Some(-1) and previous leader epoch was 1. (state.change.logger)
[2025-07-06 15:36:46,940] INFO [Broker id=1] Follower __consumer_offsets-24 starts at leader epoch 1 from offset 0 with partition epoch 1 and high watermark 0. Current leader is -1. Previous leader Some(-1) and previous leader epoch was 1. (state.change.logger)
[2025-07-06 15:36:46,941] INFO [Broker id=1] Follower __consumer_offsets-20 starts at leader epoch 1 from offset 0 with partition epoch 1 and high watermark 0. Current leader is -1. Previous leader Some(-1) and previous leader epoch was 1. (state.change.logger)
[2025-07-06 15:36:46,941] INFO [Broker id=1] Follower __consumer_offsets-49 starts at leader epoch 1 from offset 0 with partition epoch 1 and high watermark 0. Current leader is -1. Previous leader Some(-1) and previous leader epoch was 1. (state.change.logger)
[2025-07-06 15:36:46,941] INFO [Broker id=1] Follower __consumer_offsets-0 starts at leader epoch 1 from offset 0 with partition epoch 1 and high watermark 0. Current leader is -1. Previous leader Some(-1) and previous leader epoch was 1. (state.change.logger)
[2025-07-06 15:36:46,941] INFO [Broker id=1] Follower __consumer_offsets-29 starts at leader epoch 1 from offset 0 with partition epoch 1 and high watermark 0. Current leader is -1. Previous leader Some(-1) and previous leader epoch was 1. (state.change.logger)
[2025-07-06 15:36:46,941] INFO [Broker id=1] Follower __consumer_offsets-25 starts at leader epoch 1 from offset 0 with partition epoch 1 and high watermark 0. Current leader is -1. Previous leader Some(-1) and previous leader epoch was 1. (state.change.logger)
[2025-07-06 15:36:46,941] INFO [Broker id=1] Follower __consumer_offsets-8 starts at leader epoch 1 from offset 0 with partition epoch 1 and high watermark 0. Current leader is -1. Previous leader Some(-1) and previous leader epoch was 1. (state.change.logger)
[2025-07-06 15:36:46,941] INFO [Broker id=1] Follower __consumer_offsets-37 starts at leader epoch 1 from offset 0 with partition epoch 1 and high watermark 0. Current leader is -1. Previous leader Some(-1) and previous leader epoch was 1. (state.change.logger)
[2025-07-06 15:36:46,942] INFO [Broker id=1] Follower __consumer_offsets-4 starts at leader epoch 1 from offset 0 with partition epoch 1 and high watermark 0. Current leader is -1. Previous leader Some(-1) and previous leader epoch was 1. (state.change.logger)
[2025-07-06 15:36:46,942] INFO [Broker id=1] Follower __consumer_offsets-33 starts at leader epoch 1 from offset 0 with partition epoch 1 and high watermark 0. Current leader is -1. Previous leader Some(-1) and previous leader epoch was 1. (state.change.logger)
[2025-07-06 15:36:46,942] INFO [Broker id=1] Follower __consumer_offsets-15 starts at leader epoch 1 from offset 0 with partition epoch 1 and high watermark 0. Current leader is -1. Previous leader Some(-1) and previous leader epoch was 1. (state.change.logger)
[2025-07-06 15:36:46,942] INFO [Broker id=1] Follower __consumer_offsets-48 starts at leader epoch 1 from offset 0 with partition epoch 1 and high watermark 0. Current leader is -1. Previous leader Some(-1) and previous leader epoch was 1. (state.change.logger)
[2025-07-06 15:36:46,942] INFO [Broker id=1] Follower __consumer_offsets-11 starts at leader epoch 1 from offset 0 with partition epoch 1 and high watermark 0. Current leader is -1. Previous leader Some(-1) and previous leader epoch was 1. (state.change.logger)
[2025-07-06 15:36:46,942] INFO [Broker id=1] Follower __consumer_offsets-44 starts at leader epoch 1 from offset 0 with partition epoch 1 and high watermark 0. Current leader is -1. Previous leader Some(-1) and previous leader epoch was 1. (state.change.logger)
[2025-07-06 15:36:46,942] INFO [Broker id=1] Follower __consumer_offsets-23 starts at leader epoch 1 from offset 0 with partition epoch 1 and high watermark 0. Current leader is -1. Previous leader Some(-1) and previous leader epoch was 1. (state.change.logger)
[2025-07-06 15:36:46,942] INFO [Broker id=1] Follower __consumer_offsets-19 starts at leader epoch 1 from offset 0 with partition epoch 1 and high watermark 0. Current leader is -1. Previous leader Some(-1) and previous leader epoch was 1. (state.change.logger)
[2025-07-06 15:36:46,943] INFO [Broker id=1] Follower __consumer_offsets-32 starts at leader epoch 1 from offset 0 with partition epoch 1 and high watermark 0. Current leader is -1. Previous leader Some(-1) and previous leader epoch was 1. (state.change.logger)
[2025-07-06 15:36:46,943] INFO [Broker id=1] Follower __consumer_offsets-28 starts at leader epoch 1 from offset 0 with partition epoch 1 and high watermark 0. Current leader is -1. Previous leader Some(-1) and previous leader epoch was 1. (state.change.logger)
[2025-07-06 15:36:46,943] INFO [Broker id=1] Follower __consumer_offsets-7 starts at leader epoch 1 from offset 0 with partition epoch 1 and high watermark 0. Current leader is -1. Previous leader Some(-1) and previous leader epoch was 1. (state.change.logger)
[2025-07-06 15:36:46,943] INFO [Broker id=1] Follower __consumer_offsets-40 starts at leader epoch 1 from offset 0 with partition epoch 1 and high watermark 0. Current leader is -1. Previous leader Some(-1) and previous leader epoch was 1. (state.change.logger)
[2025-07-06 15:36:46,943] INFO [Broker id=1] Follower __consumer_offsets-3 starts at leader epoch 1 from offset 0 with partition epoch 1 and high watermark 0. Current leader is -1. Previous leader Some(-1) and previous leader epoch was 1. (state.change.logger)
[2025-07-06 15:36:46,943] INFO [Broker id=1] Follower __consumer_offsets-36 starts at leader epoch 1 from offset 0 with partition epoch 1 and high watermark 0. Current leader is -1. Previous leader Some(-1) and previous leader epoch was 1. (state.change.logger)
[2025-07-06 15:36:46,943] INFO [Broker id=1] Follower __consumer_offsets-47 starts at leader epoch 1 from offset 0 with partition epoch 1 and high watermark 0. Current leader is -1. Previous leader Some(-1) and previous leader epoch was 1. (state.change.logger)
[2025-07-06 15:36:46,944] INFO [Broker id=1] Follower __consumer_offsets-14 starts at leader epoch 1 from offset 0 with partition epoch 1 and high watermark 0. Current leader is -1. Previous leader Some(-1) and previous leader epoch was 1. (state.change.logger)
[2025-07-06 15:36:46,944] INFO [Broker id=1] Follower __consumer_offsets-43 starts at leader epoch 1 from offset 0 with partition epoch 1 and high watermark 0. Current leader is -1. Previous leader Some(-1) and previous leader epoch was 1. (state.change.logger)
[2025-07-06 15:36:46,944] INFO [Broker id=1] Follower __consumer_offsets-10 starts at leader epoch 1 from offset 0 with partition epoch 1 and high watermark 0. Current leader is -1. Previous leader Some(-1) and previous leader epoch was 1. (state.change.logger)
[2025-07-06 15:36:46,944] INFO [Broker id=1] Follower __consumer_offsets-22 starts at leader epoch 1 from offset 0 with partition epoch 1 and high watermark 0. Current leader is -1. Previous leader Some(-1) and previous leader epoch was 1. (state.change.logger)
[2025-07-06 15:36:46,944] INFO [Broker id=1] Follower __consumer_offsets-18 starts at leader epoch 1 from offset 0 with partition epoch 1 and high watermark 0. Current leader is -1. Previous leader Some(-1) and previous leader epoch was 1. (state.change.logger)
[2025-07-06 15:36:46,944] INFO [Broker id=1] Follower __consumer_offsets-31 starts at leader epoch 1 from offset 0 with partition epoch 1 and high watermark 0. Current leader is -1. Previous leader Some(-1) and previous leader epoch was 1. (state.change.logger)
[2025-07-06 15:36:46,944] INFO [Broker id=1] Follower __consumer_offsets-27 starts at leader epoch 1 from offset 0 with partition epoch 1 and high watermark 0. Current leader is -1. Previous leader Some(-1) and previous leader epoch was 1. (state.change.logger)
[2025-07-06 15:36:46,945] INFO [Broker id=1] Follower __consumer_offsets-39 starts at leader epoch 1 from offset 0 with partition epoch 1 and high watermark 0. Current leader is -1. Previous leader Some(-1) and previous leader epoch was 1. (state.change.logger)
[2025-07-06 15:36:46,945] INFO [Broker id=1] Follower __consumer_offsets-6 starts at leader epoch 1 from offset 0 with partition epoch 1 and high watermark 0. Current leader is -1. Previous leader Some(-1) and previous leader epoch was 1. (state.change.logger)
[2025-07-06 15:36:46,945] INFO [Broker id=1] Follower __consumer_offsets-35 starts at leader epoch 1 from offset 0 with partition epoch 1 and high watermark 0. Current leader is -1. Previous leader Some(-1) and previous leader epoch was 1. (state.change.logger)
[2025-07-06 15:36:46,945] INFO [Broker id=1] Follower alerts-0 starts at leader epoch 1 from offset 233 with partition epoch 1 and high watermark 233. Current leader is -1. Previous leader Some(-1) and previous leader epoch was 1. (state.change.logger)
[2025-07-06 15:36:46,945] INFO [Broker id=1] Follower __consumer_offsets-2 starts at leader epoch 1 from offset 0 with partition epoch 1 and high watermark 0. Current leader is -1. Previous leader Some(-1) and previous leader epoch was 1. (state.change.logger)
[2025-07-06 15:36:46,965] INFO [Broker id=1] Stopped fetchers as part of controlled shutdown for 52 partitions (state.change.logger)
